# JRE version: OpenJDK Runtime Environment (11.0.9.1+1) (build 11.0.9.1+1-Ubuntu-0ubuntu1.20.04)
# Java VM: OpenJDK 64-Bit Server VM (11.0.9.1+1-Ubuntu-0ubuntu1.20.04, mixed mode, sharing, tiered, compressed oops, g1 gc, linux-amd64)
Heap:
 garbage-first heap   total 289792K, used 239381K [0x00000000c2800000, 0x0000000100000000)
  region size 1024K, 173 young (177152K), 15 survivors (15360K)
 Metaspace       used 48930K, capacity 50088K, committed 50300K, reserved 1091584K
  class space    used 7010K, capacity 7494K, committed 7628K, reserved 1048576K
GC Heap History (20 events):
Event: 28.782 GC heap after
{Heap after GC invocations=106 (full 0):
 garbage-first heap   total 225280K, used 59050K [0x00000000c2800000, 0x0000000100000000)
  region size 1024K, 9 young (9216K), 9 survivors (9216K)
 Metaspace       used 45003K, capacity 46052K, committed 46332K, reserved 1089536K
  class space    used 6439K, capacity 6893K, committed 6988K, reserved 1048576K
}
Event: 29.819 GC heap before
{Heap before GC invocations=106 (full 0):
 garbage-first heap   total 225280K, used 185002K [0x00000000c2800000, 0x0000000100000000)
  region size 1024K, 132 young (135168K), 9 survivors (9216K)
 Metaspace       used 45914K, capacity 46945K, committed 47228K, reserved 1089536K
  class space    used 6541K, capacity 6997K, committed 7116K, reserved 1048576K
}
Event: 29.839 GC heap after
{Heap after GC invocations=107 (full 0):
 garbage-first heap   total 289792K, used 62044K [0x00000000c2800000, 0x0000000100000000)
  region size 1024K, 11 young (11264K), 11 survivors (11264K)
 Metaspace       used 45914K, capacity 46945K, committed 47228K, reserved 1089536K
  class space    used 6541K, capacity 6997K, committed 7116K, reserved 1048576K
}
Event: 31.087 GC heap before
{Heap before GC invocations=107 (full 0):
 garbage-first heap   total 289792K, used 217692K [0x00000000c2800000, 0x0000000100000000)
  region size 1024K, 163 young (166912K), 11 survivors (11264K)
 Metaspace       used 46015K, capacity 47137K, committed 47484K, reserved 1089536K
  class space    used 6541K, capacity 6997K, committed 7116K, reserved 1048576K
}
Event: 31.140 GC heap after
{Heap after GC invocations=108 (full 0):
 garbage-first heap   total 289792K, used 67710K [0x00000000c2800000, 0x0000000100000000)
  region size 1024K, 16 young (16384K), 16 survivors (16384K)
 Metaspace       used 46015K, capacity 47137K, committed 47484K, reserved 1089536K
  class space    used 6541K, capacity 6997K, committed 7116K, reserved 1048576K
}
Event: 32.827 GC heap before
{Heap before GC invocations=108 (full 0):
 garbage-first heap   total 289792K, used 224382K [0x00000000c2800000, 0x0000000100000000)
  region size 1024K, 169 young (173056K), 16 survivors (16384K)
 Metaspace       used 46030K, capacity 47137K, committed 47484K, reserved 1089536K
  class space    used 6541K, capacity 6997K, committed 7116K, reserved 1048576K
}
Event: 32.861 GC heap after
{Heap after GC invocations=109 (full 0):
 garbage-first heap   total 289792K, used 71816K [0x00000000c2800000, 0x0000000100000000)
  region size 1024K, 13 young (13312K), 13 survivors (13312K)
 Metaspace       used 46030K, capacity 47137K, committed 47484K, reserved 1089536K
  class space    used 6541K, capacity 6997K, committed 7116K, reserved 1048576K
}
Event: 33.546 GC heap before
{Heap before GC invocations=109 (full 0):
 garbage-first heap   total 289792K, used 231560K [0x00000000c2800000, 0x0000000100000000)
  region size 1024K, 169 young (173056K), 13 survivors (13312K)
 Metaspace       used 46082K, capacity 47207K, committed 47484K, reserved 1089536K
  class space    used 6547K, capacity 6998K, committed 7116K, reserved 1048576K
}
Event: 33.563 GC heap after
{Heap after GC invocations=110 (full 0):
 garbage-first heap   total 289792K, used 72904K [0x00000000c2800000, 0x0000000100000000)
  region size 1024K, 12 young (12288K), 12 survivors (12288K)
 Metaspace       used 46082K, capacity 47207K, committed 47484K, reserved 1089536K
  class space    used 6547K, capacity 6998K, committed 7116K, reserved 1048576K
}
Event: 33.840 GC heap before
{Heap before GC invocations=110 (full 0):
 garbage-first heap   total 289792K, used 233672K [0x00000000c2800000, 0x0000000100000000)
  region size 1024K, 169 young (173056K), 12 survivors (12288K)
 Metaspace       used 46082K, capacity 47207K, committed 47484K, reserved 1089536K
  class space    used 6547K, capacity 6998K, committed 7116K, reserved 1048576K
}
Event: 33.851 GC heap after
{Heap after GC invocations=111 (full 0):
 garbage-first heap   total 289792K, used 72904K [0x00000000c2800000, 0x0000000100000000)
  region size 1024K, 12 young (12288K), 12 survivors (12288K)
 Metaspace       used 46082K, capacity 47207K, committed 47484K, reserved 1089536K
  class space    used 6547K, capacity 6998K, committed 7116K, reserved 1048576K
}
Event: 34.391 GC heap before
{Heap before GC invocations=111 (full 0):
 garbage-first heap   total 289792K, used 232648K [0x00000000c2800000, 0x0000000100000000)
  region size 1024K, 169 young (173056K), 12 survivors (12288K)
 Metaspace       used 46243K, capacity 47373K, committed 47740K, reserved 1089536K
  class space    used 6568K, capacity 7032K, committed 7116K, reserved 1048576K
}
Event: 34.423 GC heap after
{Heap after GC invocations=112 (full 0):
 garbage-first heap   total 289792K, used 73928K [0x00000000c2800000, 0x0000000100000000)
  region size 1024K, 13 young (13312K), 13 survivors (13312K)
 Metaspace       used 46243K, capacity 47373K, committed 47740K, reserved 1089536K
  class space    used 6568K, capacity 7032K, committed 7116K, reserved 1048576K
}
Event: 34.720 GC heap before
{Heap before GC invocations=112 (full 0):
 garbage-first heap   total 289792K, used 233672K [0x00000000c2800000, 0x0000000100000000)
  region size 1024K, 169 young (173056K), 13 survivors (13312K)
 Metaspace       used 46243K, capacity 47373K, committed 47740K, reserved 1089536K
  class space    used 6568K, capacity 7032K, committed 7116K, reserved 1048576K
}
Event: 34.732 GC heap after
{Heap after GC invocations=113 (full 0):
 garbage-first heap   total 289792K, used 74517K [0x00000000c2800000, 0x0000000100000000)
  region size 1024K, 8 young (8192K), 8 survivors (8192K)
 Metaspace       used 46243K, capacity 47373K, committed 47740K, reserved 1089536K
  class space    used 6568K, capacity 7032K, committed 7116K, reserved 1048576K
}
Event: 35.732 GC heap before
{Heap before GC invocations=113 (full 0):
 garbage-first heap   total 289792K, used 239381K [0x00000000c2800000, 0x0000000100000000)
  region size 1024K, 169 young (173056K), 8 survivors (8192K)
 Metaspace       used 47660K, capacity 48769K, committed 49020K, reserved 1091584K
  class space    used 6851K, capacity 7323K, committed 7372K, reserved 1048576K
}
Event: 35.755 GC heap after
{Heap after GC invocations=114 (full 0):
 garbage-first heap   total 289792K, used 77077K [0x00000000c2800000, 0x0000000100000000)
  region size 1024K, 11 young (11264K), 11 survivors (11264K)
 Metaspace       used 47660K, capacity 48769K, committed 49020K, reserved 1091584K
  class space    used 6851K, capacity 7323K, committed 7372K, reserved 1048576K
}
Event: 36.629 GC heap before
{Heap before GC invocations=114 (full 0):
 garbage-first heap   total 289792K, used 175381K [0x00000000c2800000, 0x0000000100000000)
  region size 1024K, 108 young (110592K), 11 survivors (11264K)
 Metaspace       used 48388K, capacity 49503K, committed 49660K, reserved 1091584K
  class space    used 6979K, capacity 7456K, committed 7500K, reserved 1048576K
}
Event: 36.642 GC heap after
{Heap after GC invocations=115 (full 0):
 garbage-first heap   total 289792K, used 77589K [0x00000000c2800000, 0x0000000100000000)
  region size 1024K, 11 young (11264K), 11 survivors (11264K)
 Metaspace       used 48388K, capacity 49503K, committed 49660K, reserved 1091584K
  class space    used 6979K, capacity 7456K, committed 7500K, reserved 1048576K
}
Event: 38.473 GC heap before
{Heap before GC invocations=116 (full 0):
 garbage-first heap   total 289792K, used 238357K [0x00000000c2800000, 0x0000000100000000)
  region size 1024K, 169 young (173056K), 11 survivors (11264K)
 Metaspace       used 48930K, capacity 50088K, committed 50300K, reserved 1091584K
  class space    used 7010K, capacity 7494K, committed 7628K, reserved 1048576K
}

