# JRE version: OpenJDK Runtime Environment Corretto-11.0.12.7.2 (11.0.12+7) (build 11.0.12+7-LTS)
# Java VM: OpenJDK 64-Bit Server VM Corretto-11.0.12.7.2 (11.0.12+7-LTS, mixed mode, tiered, compressed oops, g1 gc, bsd-amd64)
Heap:
 garbage-first heap   total 262144K, used 27057K [0x0000000700000000, 0x0000000800000000)
  region size 1024K, 14 young (14336K), 3 survivors (3072K)
 Metaspace       used 28391K, capacity 29075K, committed 29440K, reserved 1075200K
  class space    used 3477K, capacity 3765K, committed 3840K, reserved 1048576K
GC Heap History (6 events):
Event: 1.923 GC heap before
{Heap before GC invocations=0 (full 0):
 garbage-first heap   total 262144K, used 24576K [0x0000000700000000, 0x0000000800000000)
  region size 1024K, 24 young (24576K), 0 survivors (0K)
 Metaspace       used 16116K, capacity 16593K, committed 16768K, reserved 1064960K
  class space    used 1687K, capacity 1855K, committed 1920K, reserved 1048576K
}
Event: 1.929 GC heap after
{Heap after GC invocations=1 (full 0):
 garbage-first heap   total 262144K, used 4731K [0x0000000700000000, 0x0000000800000000)
  region size 1024K, 3 young (3072K), 3 survivors (3072K)
 Metaspace       used 16116K, capacity 16593K, committed 16768K, reserved 1064960K
  class space    used 1687K, capacity 1855K, committed 1920K, reserved 1048576K
}
Event: 3.821 GC heap before
{Heap before GC invocations=1 (full 0):
 garbage-first heap   total 262144K, used 13947K [0x0000000700000000, 0x0000000800000000)
  region size 1024K, 9 young (9216K), 3 survivors (3072K)
 Metaspace       used 20535K, capacity 21025K, committed 21248K, reserved 1069056K
  class space    used 2334K, capacity 2530K, committed 2560K, reserved 1048576K
}
Event: 3.827 GC heap after
{Heap after GC invocations=2 (full 0):
 garbage-first heap   total 262144K, used 9438K [0x0000000700000000, 0x0000000800000000)
  region size 1024K, 4 young (4096K), 4 survivors (4096K)
 Metaspace       used 20535K, capacity 21025K, committed 21248K, reserved 1069056K
  class space    used 2334K, capacity 2530K, committed 2560K, reserved 1048576K
}
Event: 8.512 GC heap before
{Heap before GC invocations=3 (full 0):
 garbage-first heap   total 262144K, used 28894K [0x0000000700000000, 0x0000000800000000)
  region size 1024K, 24 young (24576K), 4 survivors (4096K)
 Metaspace       used 27084K, capacity 27723K, committed 27904K, reserved 1073152K
  class space    used 3321K, capacity 3567K, committed 3584K, reserved 1048576K
}
Event: 8.516 GC heap after
{Heap after GC invocations=4 (full 0):
 garbage-first heap   total 262144K, used 13745K [0x0000000700000000, 0x0000000800000000)
  region size 1024K, 3 young (3072K), 3 survivors (3072K)
 Metaspace       used 27084K, capacity 27723K, committed 27904K, reserved 1073152K
  class space    used 3321K, capacity 3567K, committed 3584K, reserved 1048576K
}

