# JRE version: OpenJDK Runtime Environment (11.0.9.1+1) (build 11.0.9.1+1-Ubuntu-0ubuntu1.20.04)
# Java VM: OpenJDK 64-Bit Server VM (11.0.9.1+1-Ubuntu-0ubuntu1.20.04, mixed mode, sharing, tiered, compressed oops, g1 gc, linux-amd64)
Heap:
 garbage-first heap   total 121856K, used 105588K [0x00000000f8000000, 0x0000000100000000)
  region size 1024K, 4 young (4096K), 1 survivors (1024K)
 Metaspace       used 32025K, capacity 32507K, committed 33660K, reserved 1077248K
  class space    used 4884K, capacity 5074K, committed 5324K, reserved 1048576K
GC Heap History (20 events):
Event: 47.387 GC heap before
{Heap before GC invocations=206 (full 0):
 garbage-first heap   total 121856K, used 107414K [0x00000000f8000000, 0x0000000100000000)
  region size 1024K, 5 young (5120K), 1 survivors (1024K)
 Metaspace       used 31785K, capacity 32265K, committed 33404K, reserved 1077248K
  class space    used 4881K, capacity 5051K, committed 5324K, reserved 1048576K
}
Event: 47.398 GC heap after
{Heap after GC invocations=207 (full 0):
 garbage-first heap   total 121856K, used 103900K [0x00000000f8000000, 0x0000000100000000)
  region size 1024K, 1 young (1024K), 1 survivors (1024K)
 Metaspace       used 31785K, capacity 32265K, committed 33404K, reserved 1077248K
  class space    used 4881K, capacity 5051K, committed 5324K, reserved 1048576K
}
Event: 58.839 GC heap before
{Heap before GC invocations=207 (full 0):
 garbage-first heap   total 121856K, used 107996K [0x00000000f8000000, 0x0000000100000000)
  region size 1024K, 5 young (5120K), 1 survivors (1024K)
 Metaspace       used 31855K, capacity 32329K, committed 33404K, reserved 1077248K
  class space    used 4884K, capacity 5051K, committed 5324K, reserved 1048576K
}
Event: 58.863 GC heap after
{Heap after GC invocations=208 (full 0):
 garbage-first heap   total 121856K, used 99953K [0x00000000f8000000, 0x0000000100000000)
  region size 1024K, 1 young (1024K), 1 survivors (1024K)
 Metaspace       used 31855K, capacity 32329K, committed 33404K, reserved 1077248K
  class space    used 4884K, capacity 5051K, committed 5324K, reserved 1048576K
}
Event: 67.598 GC heap before
{Heap before GC invocations=208 (full 0):
 garbage-first heap   total 121856K, used 104049K [0x00000000f8000000, 0x0000000100000000)
  region size 1024K, 5 young (5120K), 1 survivors (1024K)
 Metaspace       used 31892K, capacity 32329K, committed 33404K, reserved 1077248K
  class space    used 4887K, capacity 5051K, committed 5324K, reserved 1048576K
}
Event: 67.605 GC heap after
{Heap after GC invocations=209 (full 0):
 garbage-first heap   total 121856K, used 100179K [0x00000000f8000000, 0x0000000100000000)
  region size 1024K, 1 young (1024K), 1 survivors (1024K)
 Metaspace       used 31892K, capacity 32329K, committed 33404K, reserved 1077248K
  class space    used 4887K, capacity 5051K, committed 5324K, reserved 1048576K
}
Event: 80.848 GC heap before
{Heap before GC invocations=209 (full 0):
 garbage-first heap   total 121856K, used 104275K [0x00000000f8000000, 0x0000000100000000)
  region size 1024K, 5 young (5120K), 1 survivors (1024K)
 Metaspace       used 31903K, capacity 32393K, committed 33404K, reserved 1077248K
  class space    used 4887K, capacity 5051K, committed 5324K, reserved 1048576K
}
Event: 80.852 GC heap after
{Heap after GC invocations=210 (full 0):
 garbage-first heap   total 121856K, used 101218K [0x00000000f8000000, 0x0000000100000000)
  region size 1024K, 1 young (1024K), 1 survivors (1024K)
 Metaspace       used 31903K, capacity 32393K, committed 33404K, reserved 1077248K
  class space    used 4887K, capacity 5051K, committed 5324K, reserved 1048576K
}
Event: 93.974 GC heap before
{Heap before GC invocations=211 (full 0):
 garbage-first heap   total 121856K, used 105314K [0x00000000f8000000, 0x0000000100000000)
  region size 1024K, 5 young (5120K), 1 survivors (1024K)
 Metaspace       used 31889K, capacity 32341K, committed 33404K, reserved 1077248K
  class space    used 4882K, capacity 5041K, committed 5324K, reserved 1048576K
}
Event: 93.979 GC heap after
{Heap after GC invocations=212 (full 0):
 garbage-first heap   total 121856K, used 102111K [0x00000000f8000000, 0x0000000100000000)
  region size 1024K, 1 young (1024K), 1 survivors (1024K)
 Metaspace       used 31889K, capacity 32341K, committed 33404K, reserved 1077248K
  class space    used 4882K, capacity 5041K, committed 5324K, reserved 1048576K
}
Event: 108.291 GC heap before
{Heap before GC invocations=212 (full 0):
 garbage-first heap   total 121856K, used 106207K [0x00000000f8000000, 0x0000000100000000)
  region size 1024K, 5 young (5120K), 1 survivors (1024K)
 Metaspace       used 31901K, capacity 32341K, committed 33404K, reserved 1077248K
  class space    used 4882K, capacity 5041K, committed 5324K, reserved 1048576K
}
Event: 108.303 GC heap after
{Heap after GC invocations=213 (full 0):
 garbage-first heap   total 121856K, used 101493K [0x00000000f8000000, 0x0000000100000000)
  region size 1024K, 1 young (1024K), 1 survivors (1024K)
 Metaspace       used 31901K, capacity 32341K, committed 33404K, reserved 1077248K
  class space    used 4882K, capacity 5041K, committed 5324K, reserved 1048576K
}
Event: 122.793 GC heap before
{Heap before GC invocations=213 (full 0):
 garbage-first heap   total 121856K, used 105589K [0x00000000f8000000, 0x0000000100000000)
  region size 1024K, 5 young (5120K), 1 survivors (1024K)
 Metaspace       used 31926K, capacity 32341K, committed 33404K, reserved 1077248K
  class space    used 4882K, capacity 5041K, committed 5324K, reserved 1048576K
}
Event: 122.803 GC heap after
{Heap after GC invocations=214 (full 0):
 garbage-first heap   total 121856K, used 102472K [0x00000000f8000000, 0x0000000100000000)
  region size 1024K, 1 young (1024K), 1 survivors (1024K)
 Metaspace       used 31926K, capacity 32341K, committed 33404K, reserved 1077248K
  class space    used 4882K, capacity 5041K, committed 5324K, reserved 1048576K
}
Event: 136.654 GC heap before
{Heap before GC invocations=215 (full 0):
 garbage-first heap   total 121856K, used 106568K [0x00000000f8000000, 0x0000000100000000)
  region size 1024K, 5 young (5120K), 1 survivors (1024K)
 Metaspace       used 31956K, capacity 32475K, committed 33660K, reserved 1077248K
  class space    used 4883K, capacity 5042K, committed 5324K, reserved 1048576K
}
Event: 136.670 GC heap after
{Heap after GC invocations=216 (full 0):
 garbage-first heap   total 121856K, used 103238K [0x00000000f8000000, 0x0000000100000000)
  region size 1024K, 1 young (1024K), 1 survivors (1024K)
 Metaspace       used 31956K, capacity 32475K, committed 33660K, reserved 1077248K
  class space    used 4883K, capacity 5042K, committed 5324K, reserved 1048576K
}
Event: 151.426 GC heap before
{Heap before GC invocations=216 (full 0):
 garbage-first heap   total 121856K, used 107334K [0x00000000f8000000, 0x0000000100000000)
  region size 1024K, 5 young (5120K), 1 survivors (1024K)
 Metaspace       used 31963K, capacity 32475K, committed 33660K, reserved 1077248K
  class space    used 4883K, capacity 5042K, committed 5324K, reserved 1048576K
}
Event: 151.447 GC heap after
{Heap after GC invocations=217 (full 0):
 garbage-first heap   total 121856K, used 103720K [0x00000000f8000000, 0x0000000100000000)
  region size 1024K, 1 young (1024K), 1 survivors (1024K)
 Metaspace       used 31963K, capacity 32475K, committed 33660K, reserved 1077248K
  class space    used 4883K, capacity 5042K, committed 5324K, reserved 1048576K
}
Event: 166.184 GC heap before
{Heap before GC invocations=217 (full 0):
 garbage-first heap   total 121856K, used 107816K [0x00000000f8000000, 0x0000000100000000)
  region size 1024K, 5 young (5120K), 1 survivors (1024K)
 Metaspace       used 31988K, capacity 32475K, committed 33660K, reserved 1077248K
  class space    used 4883K, capacity 5042K, committed 5324K, reserved 1048576K
}
Event: 166.193 GC heap after
{Heap after GC invocations=218 (full 0):
 garbage-first heap   total 121856K, used 104564K [0x00000000f8000000, 0x0000000100000000)
  region size 1024K, 1 young (1024K), 1 survivors (1024K)
 Metaspace       used 31988K, capacity 32475K, committed 33660K, reserved 1077248K
  class space    used 4883K, capacity 5042K, committed 5324K, reserved 1048576K
}

