# JRE version: OpenJDK Runtime Environment (11.0.9.1+1) (build 11.0.9.1+1-Ubuntu-0ubuntu1.20.04)
# Java VM: OpenJDK 64-Bit Server VM (11.0.9.1+1-Ubuntu-0ubuntu1.20.04, mixed mode, sharing, tiered, compressed oops, g1 gc, linux-amd64)
Heap:
 garbage-first heap   total 119808K, used 106422K [0x00000000f8000000, 0x0000000100000000)
  region size 1024K, 2 young (2048K), 1 survivors (1024K)
 Metaspace       used 31926K, capacity 32341K, committed 33328K, reserved 1077248K
  class space    used 4878K, capacity 5041K, committed 5248K, reserved 1048576K
GC Heap History (20 events):
Event: 103.335 GC heap before
{Heap before GC invocations=272 (full 0):
 garbage-first heap   total 119808K, used 104557K [0x00000000f8000000, 0x0000000100000000)
  region size 1024K, 5 young (5120K), 1 survivors (1024K)
 Metaspace       used 31815K, capacity 32213K, committed 33072K, reserved 1077248K
  class space    used 4877K, capacity 5041K, committed 5248K, reserved 1048576K
}
Event: 103.348 GC heap after
{Heap after GC invocations=273 (full 0):
 garbage-first heap   total 119808K, used 101513K [0x00000000f8000000, 0x0000000100000000)
  region size 1024K, 1 young (1024K), 1 survivors (1024K)
 Metaspace       used 31815K, capacity 32213K, committed 33072K, reserved 1077248K
  class space    used 4877K, capacity 5041K, committed 5248K, reserved 1048576K
}
Event: 115.752 GC heap before
{Heap before GC invocations=274 (full 0):
 garbage-first heap   total 119808K, used 105609K [0x00000000f8000000, 0x0000000100000000)
  region size 1024K, 5 young (5120K), 1 survivors (1024K)
 Metaspace       used 31838K, capacity 32213K, committed 33072K, reserved 1077248K
  class space    used 4878K, capacity 5041K, committed 5248K, reserved 1048576K
}
Event: 115.782 GC heap after
{Heap after GC invocations=275 (full 0):
 garbage-first heap   total 119808K, used 102414K [0x00000000f8000000, 0x0000000100000000)
  region size 1024K, 1 young (1024K), 1 survivors (1024K)
 Metaspace       used 31838K, capacity 32213K, committed 33072K, reserved 1077248K
  class space    used 4878K, capacity 5041K, committed 5248K, reserved 1048576K
}
Event: 129.350 GC heap before
{Heap before GC invocations=275 (full 0):
 garbage-first heap   total 119808K, used 106510K [0x00000000f8000000, 0x0000000100000000)
  region size 1024K, 5 young (5120K), 1 survivors (1024K)
 Metaspace       used 31844K, capacity 32213K, committed 33072K, reserved 1077248K
  class space    used 4878K, capacity 5041K, committed 5248K, reserved 1048576K
}
Event: 129.358 GC heap after
{Heap after GC invocations=276 (full 0):
 garbage-first heap   total 119808K, used 102424K [0x00000000f8000000, 0x0000000100000000)
  region size 1024K, 1 young (1024K), 1 survivors (1024K)
 Metaspace       used 31844K, capacity 32213K, committed 33072K, reserved 1077248K
  class space    used 4878K, capacity 5041K, committed 5248K, reserved 1048576K
}
Event: 143.062 GC heap before
{Heap before GC invocations=276 (full 0):
 garbage-first heap   total 119808K, used 106520K [0x00000000f8000000, 0x0000000100000000)
  region size 1024K, 5 young (5120K), 1 survivors (1024K)
 Metaspace       used 31885K, capacity 32277K, committed 33072K, reserved 1077248K
  class space    used 4878K, capacity 5041K, committed 5248K, reserved 1048576K
}
Event: 143.105 GC heap after
{Heap after GC invocations=277 (full 0):
 garbage-first heap   total 119808K, used 103210K [0x00000000f8000000, 0x0000000100000000)
  region size 1024K, 1 young (1024K), 1 survivors (1024K)
 Metaspace       used 31885K, capacity 32277K, committed 33072K, reserved 1077248K
  class space    used 4878K, capacity 5041K, committed 5248K, reserved 1048576K
}
Event: 157.436 GC heap before
{Heap before GC invocations=278 (full 0):
 garbage-first heap   total 119808K, used 107306K [0x00000000f8000000, 0x0000000100000000)
  region size 1024K, 5 young (5120K), 1 survivors (1024K)
 Metaspace       used 31885K, capacity 32277K, committed 33072K, reserved 1077248K
  class space    used 4878K, capacity 5041K, committed 5248K, reserved 1048576K
}
Event: 157.443 GC heap after
{Heap after GC invocations=279 (full 0):
 garbage-first heap   total 119808K, used 103931K [0x00000000f8000000, 0x0000000100000000)
  region size 1024K, 1 young (1024K), 1 survivors (1024K)
 Metaspace       used 31885K, capacity 32277K, committed 33072K, reserved 1077248K
  class space    used 4878K, capacity 5041K, committed 5248K, reserved 1048576K
}
Event: 172.204 GC heap before
{Heap before GC invocations=279 (full 0):
 garbage-first heap   total 119808K, used 108027K [0x00000000f8000000, 0x0000000100000000)
  region size 1024K, 5 young (5120K), 1 survivors (1024K)
 Metaspace       used 31892K, capacity 32341K, committed 33328K, reserved 1077248K
  class space    used 4878K, capacity 5041K, committed 5248K, reserved 1048576K
}
Event: 172.224 GC heap after
{Heap after GC invocations=280 (full 0):
 garbage-first heap   total 119808K, used 103966K [0x00000000f8000000, 0x0000000100000000)
  region size 1024K, 1 young (1024K), 1 survivors (1024K)
 Metaspace       used 31892K, capacity 32341K, committed 33328K, reserved 1077248K
  class space    used 4878K, capacity 5041K, committed 5248K, reserved 1048576K
}
Event: 187.001 GC heap before
{Heap before GC invocations=280 (full 0):
 garbage-first heap   total 119808K, used 108062K [0x00000000f8000000, 0x0000000100000000)
  region size 1024K, 5 young (5120K), 1 survivors (1024K)
 Metaspace       used 31903K, capacity 32341K, committed 33328K, reserved 1077248K
  class space    used 4878K, capacity 5041K, committed 5248K, reserved 1048576K
}
Event: 187.040 GC heap after
{Heap after GC invocations=281 (full 0):
 garbage-first heap   total 119808K, used 104703K [0x00000000f8000000, 0x0000000100000000)
  region size 1024K, 1 young (1024K), 1 survivors (1024K)
 Metaspace       used 31903K, capacity 32341K, committed 33328K, reserved 1077248K
  class space    used 4878K, capacity 5041K, committed 5248K, reserved 1048576K
}
Event: 201.802 GC heap before
{Heap before GC invocations=282 (full 0):
 garbage-first heap   total 119808K, used 108799K [0x00000000f8000000, 0x0000000100000000)
  region size 1024K, 5 young (5120K), 1 survivors (1024K)
 Metaspace       used 31903K, capacity 32341K, committed 33328K, reserved 1077248K
  class space    used 4878K, capacity 5041K, committed 5248K, reserved 1048576K
}
Event: 201.814 GC heap after
{Heap after GC invocations=283 (full 0):
 garbage-first heap   total 119808K, used 105405K [0x00000000f8000000, 0x0000000100000000)
  region size 1024K, 1 young (1024K), 1 survivors (1024K)
 Metaspace       used 31903K, capacity 32341K, committed 33328K, reserved 1077248K
  class space    used 4878K, capacity 5041K, committed 5248K, reserved 1048576K
}
Event: 217.470 GC heap before
{Heap before GC invocations=283 (full 0):
 garbage-first heap   total 119808K, used 109501K [0x00000000f8000000, 0x0000000100000000)
  region size 1024K, 5 young (5120K), 1 survivors (1024K)
 Metaspace       used 31926K, capacity 32341K, committed 33328K, reserved 1077248K
  class space    used 4878K, capacity 5041K, committed 5248K, reserved 1048576K
}
Event: 217.513 GC heap after
{Heap after GC invocations=284 (full 0):
 garbage-first heap   total 119808K, used 105698K [0x00000000f8000000, 0x0000000100000000)
  region size 1024K, 1 young (1024K), 1 survivors (1024K)
 Metaspace       used 31926K, capacity 32341K, committed 33328K, reserved 1077248K
  class space    used 4878K, capacity 5041K, committed 5248K, reserved 1048576K
}
Event: 233.140 GC heap before
{Heap before GC invocations=284 (full 0):
 garbage-first heap   total 119808K, used 109794K [0x00000000f8000000, 0x0000000100000000)
  region size 1024K, 5 young (5120K), 1 survivors (1024K)
 Metaspace       used 31926K, capacity 32341K, committed 33328K, reserved 1077248K
  class space    used 4878K, capacity 5041K, committed 5248K, reserved 1048576K
}
Event: 233.153 GC heap after
{Heap after GC invocations=285 (full 0):
 garbage-first heap   total 119808K, used 106422K [0x00000000f8000000, 0x0000000100000000)
  region size 1024K, 1 young (1024K), 1 survivors (1024K)
 Metaspace       used 31926K, capacity 32341K, committed 33328K, reserved 1077248K
  class space    used 4878K, capacity 5041K, committed 5248K, reserved 1048576K
}

